# JRE version: OpenJDK Runtime Environment JBR-17.0.9+7-1087.7-jcef (17.0.9+7) (build 17.0.9+7-b1087.7)
# Java VM: OpenJDK 64-Bit Server VM JBR-17.0.9+7-1087.7-jcef (17.0.9+7-b1087.7, mixed mode, tiered, compressed oops, compressed class ptrs, g1 gc, windows-amd64)
GC Precious Log:
 CPUs: 8 total, 8 available
 Memory: 7995M
 Large Page Support: Disabled
 NUMA Support: Disabled
 Compressed Oops: Enabled (32-bit)
 Heap Region Size: 1M
 Heap Min Capacity: 8M
 Heap Initial Capacity: 126M
 Heap Max Capacity: 2G
 Pre-touch: Disabled
 Parallel Workers: 8
 Concurrent Workers: 2
 Concurrent Refinement Workers: 8
 Periodic GC: Disabled
Heap:
 garbage-first heap   total 454656K, used 195716K [0x0000000080000000, 0x0000000100000000)
  region size 1024K, 2 young (2048K), 2 survivors (2048K)
 Metaspace       used 138248K, committed 139264K, reserved 1179648K
  class space    used 18822K, committed 19328K, reserved 1048576K
GC Heap History (20 events):
Event: 27.948 GC heap after
{Heap after GC invocations=51 (full 0):
 garbage-first heap   total 252928K, used 179336K [0x0000000080000000, 0x0000000100000000)
  region size 1024K, 5 young (5120K), 5 survivors (5120K)
 Metaspace       used 113363K, committed 114240K, reserved 1179648K
  class space    used 15521K, committed 15936K, reserved 1048576K
}
Event: 28.173 GC heap before
{Heap before GC invocations=51 (full 0):
 garbage-first heap   total 252928K, used 206983K [0x0000000080000000, 0x0000000100000000)
  region size 1024K, 33 young (33792K), 5 survivors (5120K)
 Metaspace       used 115512K, committed 116352K, reserved 1179648K
  class space    used 15706K, committed 16128K, reserved 1048576K
}
Event: 28.180 GC heap after
{Heap after GC invocations=52 (full 0):
 garbage-first heap   total 355328K, used 182468K [0x0000000080000000, 0x0000000100000000)
  region size 1024K, 3 young (3072K), 3 survivors (3072K)
 Metaspace       used 115512K, committed 116352K, reserved 1179648K
  class space    used 15706K, committed 16128K, reserved 1048576K
}
Event: 28.608 GC heap before
{Heap before GC invocations=52 (full 0):
 garbage-first heap   total 355328K, used 269508K [0x0000000080000000, 0x0000000100000000)
  region size 1024K, 89 young (91136K), 3 survivors (3072K)
 Metaspace       used 118020K, committed 118848K, reserved 1179648K
  class space    used 15925K, committed 16320K, reserved 1048576K
}
Event: 28.620 GC heap after
{Heap after GC invocations=53 (full 0):
 garbage-first heap   total 355328K, used 186768K [0x0000000080000000, 0x0000000100000000)
  region size 1024K, 8 young (8192K), 8 survivors (8192K)
 Metaspace       used 118020K, committed 118848K, reserved 1179648K
  class space    used 15925K, committed 16320K, reserved 1048576K
}
Event: 29.080 GC heap before
{Heap before GC invocations=53 (full 0):
 garbage-first heap   total 355328K, used 275856K [0x0000000080000000, 0x0000000100000000)
  region size 1024K, 96 young (98304K), 8 survivors (8192K)
 Metaspace       used 119256K, committed 120128K, reserved 1179648K
  class space    used 16031K, committed 16448K, reserved 1048576K
}
Event: 29.101 GC heap after
{Heap after GC invocations=54 (full 0):
 garbage-first heap   total 355328K, used 184631K [0x0000000080000000, 0x0000000100000000)
  region size 1024K, 4 young (4096K), 4 survivors (4096K)
 Metaspace       used 119256K, committed 120128K, reserved 1179648K
  class space    used 16031K, committed 16448K, reserved 1048576K
}
Event: 30.345 GC heap before
{Heap before GC invocations=54 (full 0):
 garbage-first heap   total 355328K, used 281911K [0x0000000080000000, 0x0000000100000000)
  region size 1024K, 99 young (101376K), 4 survivors (4096K)
 Metaspace       used 122005K, committed 122880K, reserved 1179648K
  class space    used 16338K, committed 16768K, reserved 1048576K
}
Event: 30.357 GC heap after
{Heap after GC invocations=55 (full 0):
 garbage-first heap   total 355328K, used 191811K [0x0000000080000000, 0x0000000100000000)
  region size 1024K, 11 young (11264K), 11 survivors (11264K)
 Metaspace       used 122005K, committed 122880K, reserved 1179648K
  class space    used 16338K, committed 16768K, reserved 1048576K
}
Event: 30.754 GC heap before
{Heap before GC invocations=55 (full 0):
 garbage-first heap   total 355328K, used 284995K [0x0000000080000000, 0x0000000100000000)
  region size 1024K, 103 young (105472K), 11 survivors (11264K)
 Metaspace       used 122498K, committed 123328K, reserved 1179648K
  class space    used 16396K, committed 16768K, reserved 1048576K
}
Event: 30.765 GC heap after
{Heap after GC invocations=56 (full 0):
 garbage-first heap   total 355328K, used 196852K [0x0000000080000000, 0x0000000100000000)
  region size 1024K, 6 young (6144K), 6 survivors (6144K)
 Metaspace       used 122498K, committed 123328K, reserved 1179648K
  class space    used 16396K, committed 16768K, reserved 1048576K
}
Event: 32.286 GC heap before
{Heap before GC invocations=56 (full 0):
 garbage-first heap   total 355328K, used 289012K [0x0000000080000000, 0x0000000100000000)
  region size 1024K, 97 young (99328K), 6 survivors (6144K)
 Metaspace       used 126087K, committed 126976K, reserved 1179648K
  class space    used 16899K, committed 17344K, reserved 1048576K
}
Event: 32.294 GC heap after
{Heap after GC invocations=57 (full 0):
 garbage-first heap   total 355328K, used 201916K [0x0000000080000000, 0x0000000100000000)
  region size 1024K, 11 young (11264K), 11 survivors (11264K)
 Metaspace       used 126087K, committed 126976K, reserved 1179648K
  class space    used 16899K, committed 17344K, reserved 1048576K
}
Event: 33.568 GC heap before
{Heap before GC invocations=57 (full 0):
 garbage-first heap   total 355328K, used 291004K [0x0000000080000000, 0x0000000100000000)
  region size 1024K, 99 young (101376K), 11 survivors (11264K)
 Metaspace       used 132449K, committed 133376K, reserved 1179648K
  class space    used 17911K, committed 18368K, reserved 1048576K
}
Event: 33.614 GC heap after
{Heap after GC invocations=58 (full 0):
 garbage-first heap   total 355328K, used 210582K [0x0000000080000000, 0x0000000100000000)
  region size 1024K, 9 young (9216K), 9 survivors (9216K)
 Metaspace       used 132449K, committed 133376K, reserved 1179648K
  class space    used 17911K, committed 18368K, reserved 1048576K
}
Event: 35.239 GC heap before
{Heap before GC invocations=58 (full 0):
 garbage-first heap   total 355328K, used 293526K [0x0000000080000000, 0x0000000100000000)
  region size 1024K, 91 young (93184K), 9 survivors (9216K)
 Metaspace       used 137332K, committed 138240K, reserved 1179648K
  class space    used 18736K, committed 19200K, reserved 1048576K
}
Event: 35.262 GC heap after
{Heap after GC invocations=59 (full 0):
 garbage-first heap   total 355328K, used 217479K [0x0000000080000000, 0x0000000100000000)
  region size 1024K, 7 young (7168K), 7 survivors (7168K)
 Metaspace       used 137332K, committed 138240K, reserved 1179648K
  class space    used 18736K, committed 19200K, reserved 1048576K
}
Event: 35.280 GC heap before
{Heap before GC invocations=59 (full 0):
 garbage-first heap   total 355328K, used 222599K [0x0000000080000000, 0x0000000100000000)
  region size 1024K, 14 young (14336K), 7 survivors (7168K)
 Metaspace       used 137363K, committed 138240K, reserved 1179648K
  class space    used 18736K, committed 19200K, reserved 1048576K
}
Event: 35.294 GC heap after
{Heap after GC invocations=60 (full 0):
 garbage-first heap   total 355328K, used 217358K [0x0000000080000000, 0x0000000100000000)
  region size 1024K, 7 young (7168K), 7 survivors (7168K)
 Metaspace       used 137363K, committed 138240K, reserved 1179648K
  class space    used 18736K, committed 19200K, reserved 1048576K
}
Event: 36.142 GC heap before
{Heap before GC invocations=60 (full 0):
 garbage-first heap   total 454656K, used 275726K [0x0000000080000000, 0x0000000100000000)
  region size 1024K, 86 young (88064K), 7 survivors (7168K)
 Metaspace       used 138248K, committed 139264K, reserved 1179648K
  class space    used 18822K, committed 19328K, reserved 1048576K
}

